**
(main.tex
LaTeX2e <2021-11-15> patch level 1
L3 programming layer <2022-02-24> (ieeeaccess.cls (IEEEtran.cls
Document Class: IEEEtran 2015/08/26 V1.8b by Michael Shell
-- See the "IEEEtran_HOWTO" manual for usage information.
-- http://www.michaelshell.org/tex/ieeetran/
\@IEEEtrantmpdimenA=\dimen138
\@IEEEtrantmpdimenB=\dimen139
\@IEEEtrantmpdimenC=\dimen140
\@IEEEtrantmpcountA=\count181
\@IEEEtrantmpcountB=\count182
\@IEEEtrantmpcountC=\count183
\@IEEEtrantmptoksA=\toks16
LaTeX Font Info:    Trying to load font information for TU+ptm on input line 50
3.
LaTeX Font Info:    No file TUptm.fd. on input line 503.

LaTeX Font Warning: Font shape `TU/ptm/m/n' undefined
(Font)              using `TU/lmr/m/n' instead on input line 503.

-- Using 8.5in x 11in (letter) paper.
-- Using DVI output.
\@IEEEnormalsizeunitybaselineskip=\dimen141
-- This is a 10 point document.
\CLASSINFOnormalsizebaselineskip=\dimen142
\CLASSINFOnormalsizeunitybaselineskip=\dimen143
\IEEEnormaljot=\dimen144

LaTeX Font Warning: Font shape `TU/ptm/bx/n' undefined
(Font)              using `TU/ptm/m/n' instead on input line 1090.


LaTeX Font Warning: Font shape `TU/ptm/m/it' undefined
(Font)              using `TU/ptm/m/n' instead on input line 1090.


LaTeX Font Warning: Font shape `TU/ptm/bx/it' undefined
(Font)              using `TU/ptm/bx/n' instead on input line 1090.

\IEEEquantizedlength=\dimen145
\IEEEquantizedlengthdiff=\dimen146
\IEEEquantizedtextheightdiff=\dimen147
\IEEEilabelindentA=\dimen148
\IEEEilabelindentB=\dimen149
\IEEEilabelindent=\dimen150
\IEEEelabelindent=\dimen151
\IEEEdlabelindent=\dimen152
\IEEElabelindent=\dimen153
\IEEEiednormlabelsep=\dimen154
\IEEEiedmathlabelsep=\dimen155
\IEEEiedtopsep=\skip47
\c@section=\count184
\c@subsection=\count185
\c@subsubsection=\count186
\c@paragraph=\count187
\c@IEEEsubequation=\count188
\abovecaptionskip=\skip48
\belowcaptionskip=\skip49
\c@figure=\count189
\c@table=\count190
\@IEEEeqnnumcols=\count191
\@IEEEeqncolcnt=\count192
\@IEEEsubeqnnumrollback=\count193
\@IEEEquantizeheightA=\dimen156
\@IEEEquantizeheightB=\dimen157
\@IEEEquantizeheightC=\dimen158
\@IEEEquantizeprevdepth=\dimen159
\@IEEEquantizemultiple=\count194
\@IEEEquantizeboxA=\box50
\@IEEEtmpitemindent=\dimen160
\IEEEPARstartletwidth=\dimen161
\c@IEEEbiography=\count195
\@IEEEtranrubishbin=\box51
) (ifpdf.sty
Package: ifpdf 2019/10/25 v3.4 ifpdf legacy package. Use iftex instead.
 (iftex.sty
Package: iftex 2022/02/03 v1.0f TeX engine tests
)) (xkeyval.sty
Package: xkeyval 2020/11/20 v2.8 package option processing (HA)
 (xkeyval (xkvutils
\XKV@toks=\toks17
\XKV@tempa@toks=\toks18
 (keyval))
\XKV@depth=\count196
File: xkeyval.tex 2014/12/03 v2.7a key=value parser (HA)
))
\@draftversionrule=\dimen162

(color.sty
Package: color 2021/12/07 v1.3c Standard LaTeX Color (DPC)
 (color.cfg
File: color.cfg 2016/01/02 v1.6 sample color configuration
)
Package color Info: Driver file: xetex.def on input line 149.
 (xetex.def
File: xetex.def 2021/03/18 v5.0k Graphics/color driver for xetex
))
Package color Info: Redefining color black on input line 294.
\figbox=\box52
\titlewidth=\skip50
\abstractwidth=\skip51
\c@addrCtr=\count197
\abstractbox=\box53
\indexbox=\box54
\absht=\dimen163
\kwdht=\dimen164
\@tempcntc=\count198
\titlepgskip=\skip52
\maketitlebox=\box55
) (cite.sty
LaTeX Info: Redefining \cite on input line 302.
LaTeX Info: Redefining \nocite on input line 332.
Package: cite 2015/02/27  v 5.5
) (amsmath.sty
Package: amsmath 2021/10/15 v2.17l AMS math features
\@mathmargin=\skip53

For additional information on amsmath, use the `?' option.
(amstext.sty
Package: amstext 2021/08/26 v2.01 AMS text
 (amsgen.sty
File: amsgen.sty 1999/11/30 v2.0 generic functions
\@emptytoks=\toks19
\ex@=\dimen165
)) (amsbsy.sty
Package: amsbsy 1999/11/29 v1.2d Bold Symbols
\pmbraise@=\dimen166
) (amsopn.sty
Package: amsopn 2021/08/26 v2.02 operator names
)
\inf@bad=\count199
LaTeX Info: Redefining \frac on input line 234.
\uproot@=\count266
\leftroot@=\count267
LaTeX Info: Redefining \overline on input line 399.
\classnum@=\count268
\DOTSCASE@=\count269
LaTeX Info: Redefining \ldots on input line 496.
LaTeX Info: Redefining \dots on input line 499.
LaTeX Info: Redefining \cdots on input line 620.
\Mathstrutbox@=\box56
\strutbox@=\box57
\big@size=\dimen167
LaTeX Font Info:    Redeclaring font encoding OML on input line 743.
LaTeX Font Info:    Redeclaring font encoding OMS on input line 744.
\macc@depth=\count270
\c@MaxMatrixCols=\count271
\dotsspace@=\muskip16
\c@parentequation=\count272
\dspbrk@lvl=\count273
\tag@help=\toks20
\row@=\count274
\column@=\count275
\maxfields@=\count276
\andhelp@=\toks21
\eqnshift@=\dimen168
\alignsep@=\dimen169
\tagshift@=\dimen170
\tagwidth@=\dimen171
\totwidth@=\dimen172
\lineht@=\dimen173
\@envbody=\toks22
\multlinegap=\skip54
\multlinetaggap=\skip55
\mathdisplay@stack=\toks23
LaTeX Info: Redefining \[ on input line 2938.
LaTeX Info: Redefining \] on input line 2939.
) (amssymb.sty
Package: amssymb 2013/01/14 v3.01 AMS font symbols

(amsfonts.sty
Package: amsfonts 2013/01/14 v3.01 Basic AMSFonts support
\symAMSa=\mathgroup4
\symAMSb=\mathgroup5
LaTeX Font Info:    Redeclaring math symbol \hbar on input line 98.
LaTeX Font Info:    Overwriting math alphabet `\mathfrak' in version `bold'
(Font)                  U/euf/m/n --> U/euf/b/n on input line 106.
)) (graphicx.sty
Package: graphicx 2021/09/16 v1.2d Enhanced LaTeX Graphics (DPC,SPQR)
 (graphics.sty
Package: graphics 2021/03/04 v1.4d Standard LaTeX Graphics (DPC,SPQR)
 (trig.sty
Package: trig 2021/08/11 v1.11 sin cos tan (DPC)
) (graphics.cfg
File: graphics.cfg 2016/06/04 v1.11 sample graphics configuration
)
Package graphics Info: Driver file: xetex.def on input line 107.
)
\Gin@req@height=\dimen174
\Gin@req@width=\dimen175
)
(textcomp.sty
Package: textcomp 2020/02/02 v2.0n Standard LaTeX package
) (xcolor.sty
Package: xcolor 2021/10/31 v2.13 LaTeX color extensions (UK)
 (color.cfg
File: color.cfg 2016/01/02 v1.6 sample color configuration
)
Package xcolor Info: Driver file: xetex.def on input line 227.
LaTeX Info: Redefining \color on input line 711.
Package xcolor Info: Model `cmy' substituted by `cmy0' on input line 1352.
Package xcolor Info: Model `RGB' extended on input line 1368.
Package xcolor Info: Model `HTML' substituted by `rgb' on input line 1370.
Package xcolor Info: Model `Hsb' substituted by `hsb' on input line 1371.
Package xcolor Info: Model `tHsb' substituted by `hsb' on input line 1372.
Package xcolor Info: Model `HSB' substituted by `hsb' on input line 1373.
Package xcolor Info: Model `Gray' substituted by `gray' on input line 1374.
Package xcolor Info: Model `wave' substituted by `hsb' on input line 1375.
) (booktabs.sty
Package: booktabs 2020/01/12 v1.61803398 Publication quality tables
\heavyrulewidth=\dimen176
\lightrulewidth=\dimen177
\cmidrulewidth=\dimen178
\belowrulesep=\dimen179
\belowbottomsep=\dimen180
\aboverulesep=\dimen181
\abovetopsep=\dimen182
\cmidrulesep=\dimen183
\cmidrulekern=\dimen184
\defaultaddspace=\dimen185
\@cmidla=\count277
\@cmidlb=\count278
\@aboverulesep=\dimen186
\@belowrulesep=\dimen187
\@thisruleclass=\count279
\@lastruleclass=\count280
\@thisrulewidth=\dimen188
) (multirow.sty
Package: multirow 2021/03/15 v2.8 Span multiple rows of a table
\multirow@colwidth=\skip56
\multirow@cntb=\count281
\multirow@dima=\skip57
\bigstrutjot=\dimen189
) (url.sty
\Urlmuskip=\muskip17
Package: url 2013/09/16  ver 3.4  Verb mode for urls, etc.
) (hyperref.sty
Package: hyperref 2022-02-21 v7.00n Hypertext links for LaTeX
 (ltxcmds.sty
Package: ltxcmds 2020-05-10 v1.25 LaTeX kernel commands for general use (HO)
) (pdftexcmds.sty
Package: pdftexcmds 2020-06-27 v0.33 Utility functions of pdfTeX for LuaTeX (HO
)
 (infwarerr.sty
Package: infwarerr 2019/12/03 v1.5 Providing info/warning/error messages (HO)
)
Package pdftexcmds Info: \pdf@primitive is available.
Package pdftexcmds Info: \pdf@ifprimitive is available.
Package pdftexcmds Info: \pdfdraftmode not found.
) (kvsetkeys.sty
Package: kvsetkeys 2019/12/15 v1.18 Key value parser (HO)
)
(kvdefinekeys.sty
Package: kvdefinekeys 2019-12-19 v1.6 Define keys (HO)
) (pdfescape.sty
Package: pdfescape 2019/12/09 v1.15 Implements pdfTeX's escape features (HO)
) (hycolor.sty
Package: hycolor 2020-01-27 v1.10 Color options for hyperref/bookmark (HO)
) (letltxmacro.sty
Package: letltxmacro 2019/12/03 v1.6 Let assignment for LaTeX macros (HO)
) (auxhook.sty
Package: auxhook 2019-12-17 v1.6 Hooks for auxiliary files (HO)
) (kvoptions.sty
Package: kvoptions 2020-10-07 v3.14 Key value format for package options (HO)
)
\@linkdim=\dimen190
\Hy@linkcounter=\count282
\Hy@pagecounter=\count283
 (pd1enc.def
File: pd1enc.def 2022-02-21 v7.00n Hyperref: PDFDocEncoding definition (HO)
) (intcalc.sty
Package: intcalc 2019/12/15 v1.3 Expandable calculations with integers (HO)
) (etexcmds.sty
Package: etexcmds 2019/12/15 v1.7 Avoid name clashes with e-TeX commands (HO)
)
\Hy@SavedSpaceFactor=\count284
 (puenc.def
File: puenc.def 2022-02-21 v7.00n Hyperref: PDF Unicode definition (HO)
)
Package hyperref Info: Hyper figures OFF on input line 4137.
Package hyperref Info: Link nesting OFF on input line 4142.
Package hyperref Info: Hyper index ON on input line 4145.
Package hyperref Info: Plain pages OFF on input line 4152.
Package hyperref Info: Backreferencing OFF on input line 4157.
Package hyperref Info: Implicit mode ON; LaTeX internals redefined.
Package hyperref Info: Bookmarks ON on input line 4390.
\c@Hy@tempcnt=\count285
LaTeX Info: Redefining \url on input line 4749.
\XeTeXLinkMargin=\dimen191

(bitset.sty
Package: bitset 2019/12/09 v1.3 Handle bit-vector datatype (HO)
 (bigintcalc.sty
Package: bigintcalc 2019/12/15 v1.5 Expandable calculations on big integers (HO
)
))
\Fld@menulength=\count286
\Field@Width=\dimen192
\Fld@charsize=\dimen193
Package hyperref Info: Hyper figures OFF on input line 6027.
Package hyperref Info: Link nesting OFF on input line 6032.
Package hyperref Info: Hyper index ON on input line 6035.
Package hyperref Info: backreferencing OFF on input line 6042.
Package hyperref Info: Link coloring OFF on input line 6047.
Package hyperref Info: Link coloring with OCG OFF on input line 6052.
Package hyperref Info: PDF/A mode OFF on input line 6057.
LaTeX Info: Redefining \ref on input line 6097.
LaTeX Info: Redefining \pageref on input line 6101.
 (atbegshi-ltx.sty
Package: atbegshi-ltx 2021/01/10 v1.0c Emulation of the original atbegshi
package with kernel methods
)
\Hy@abspage=\count287
\c@Item=\count288
\c@Hfootnote=\count289
)
Package hyperref Info: Driver (autodetected): hxetex.
 (hxetex.def
File: hxetex.def 2022-02-21 v7.00n Hyperref driver for XeTeX
 (stringenc.sty
Package: stringenc 2019/11/29 v1.12 Convert strings between diff. encodings (HO
)
)
\pdfm@box=\box58
\c@Hy@AnnotLevel=\count290
\HyField@AnnotCount=\count291
\Fld@listcount=\count292
\c@bookmark@seq@number=\count293

(rerunfilecheck.sty
Package: rerunfilecheck 2019/12/05 v1.9 Rerun checks for auxiliary files (HO)
 (atveryend-ltx.sty
Package: atveryend-ltx 2020/08/19 v1.0a Emulation of the original atveryend pac
kage
with kernel methods
) (uniquecounter.sty
Package: uniquecounter 2019/12/15 v1.4 Provide unlimited unique counter (HO)
)
Package uniquecounter Info: New unique counter `rerunfilecheck' on input line 2
86.
)
\Hy@SectionHShift=\skip58
)
(l3backend-xetex.def
File: l3backend-xetex.def 2022-02-07 L3 backend support: XeTeX
\c__kernel_sys_dvipdfmx_version_int=\count294
\l__color_backend_stack_int=\count295
\g__color_backend_stack_int=\count296
\g__graphics_track_int=\count297
\l__pdf_internal_box=\box59
\g__pdf_backend_object_int=\count298
\g__pdf_backend_annotation_int=\count299
\g__pdf_backend_link_int=\count300
) (main.aux)
\openout1 = `main.aux'.

LaTeX Font Info:    Checking defaults for OML/cmm/m/it on input line 29.
LaTeX Font Info:    ... okay on input line 29.
LaTeX Font Info:    Checking defaults for OMS/cmsy/m/n on input line 29.
LaTeX Font Info:    ... okay on input line 29.
LaTeX Font Info:    Checking defaults for OT1/cmr/m/n on input line 29.
LaTeX Font Info:    ... okay on input line 29.
LaTeX Font Info:    Checking defaults for T1/cmr/m/n on input line 29.
LaTeX Font Info:    ... okay on input line 29.
LaTeX Font Info:    Checking defaults for TS1/cmr/m/n on input line 29.
LaTeX Font Info:    Trying to load font information for TS1+cmr on input line 2
9.
 (ts1cmr.fd
File: ts1cmr.fd 2019/12/16 v2.5j Standard LaTeX font definitions
)
LaTeX Font Info:    ... okay on input line 29.
LaTeX Font Info:    Checking defaults for TU/lmr/m/n on input line 29.
LaTeX Font Info:    ... okay on input line 29.
LaTeX Font Info:    Checking defaults for OMX/cmex/m/n on input line 29.
LaTeX Font Info:    ... okay on input line 29.
LaTeX Font Info:    Checking defaults for U/cmr/m/n on input line 29.
LaTeX Font Info:    ... okay on input line 29.
LaTeX Font Info:    Checking defaults for PD1/pdf/m/n on input line 29.
LaTeX Font Info:    ... okay on input line 29.
LaTeX Font Info:    Checking defaults for PU/pdf/m/n on input line 29.
LaTeX Font Info:    ... okay on input line 29.


LaTeX Font Warning: Font shape `TU/ptm/b/n' undefined
(Font)              using `TU/ptm/bx/n' instead on input line 29.


LaTeX Font Warning: Font shape `TU/ptm/b/it' undefined
(Font)              using `TU/ptm/bx/it' instead on input line 29.


LaTeX Font Warning: Font shape `TU/ptm/b/n' undefined
(Font)              using `TU/ptm/bx/n' instead on input line 29.


LaTeX Font Warning: Font shape `TU/ptm/b/it' undefined
(Font)              using `TU/ptm/bx/it' instead on input line 29.


LaTeX Font Warning: Font shape `TU/ptm/b/n' undefined
(Font)              using `TU/ptm/bx/n' instead on input line 29.


LaTeX Font Warning: Font shape `TU/ptm/b/it' undefined
(Font)              using `TU/ptm/bx/it' instead on input line 29.


LaTeX Font Warning: Font shape `TU/ptm/b/n' undefined
(Font)              using `TU/ptm/bx/n' instead on input line 29.


LaTeX Font Warning: Font shape `TU/ptm/b/it' undefined
(Font)              using `TU/ptm/bx/it' instead on input line 29.


LaTeX Font Warning: Font shape `TU/ptm/b/n' undefined
(Font)              using `TU/ptm/bx/n' instead on input line 29.


LaTeX Font Warning: Font shape `TU/ptm/b/it' undefined
(Font)              using `TU/ptm/bx/it' instead on input line 29.


LaTeX Font Warning: Font shape `TU/ptm/b/n' undefined
(Font)              using `TU/ptm/bx/n' instead on input line 29.


LaTeX Font Warning: Font shape `TU/ptm/b/it' undefined
(Font)              using `TU/ptm/bx/it' instead on input line 29.


LaTeX Font Warning: Font shape `TU/ptm/b/n' undefined
(Font)              using `TU/ptm/bx/n' instead on input line 29.


LaTeX Font Warning: Font shape `TU/ptm/b/it' undefined
(Font)              using `TU/ptm/bx/it' instead on input line 29.


LaTeX Font Warning: Font shape `TU/ptm/b/n' undefined
(Font)              using `TU/ptm/bx/n' instead on input line 29.


LaTeX Font Warning: Font shape `TU/ptm/b/it' undefined
(Font)              using `TU/ptm/bx/it' instead on input line 29.


LaTeX Font Warning: Font shape `TU/ptm/b/n' undefined
(Font)              using `TU/ptm/bx/n' instead on input line 29.


LaTeX Font Warning: Font shape `TU/ptm/b/it' undefined
(Font)              using `TU/ptm/bx/it' instead on input line 29.


LaTeX Font Warning: Font shape `TU/ptm/b/n' undefined
(Font)              using `TU/ptm/bx/n' instead on input line 29.


LaTeX Font Warning: Font shape `TU/ptm/b/it' undefined
(Font)              using `TU/ptm/bx/it' instead on input line 29.

-- Lines per column: 56 (exact).
\symNewLetters=\mathgroup6
\symxsymbols=\mathgroup7
LaTeX Font Info:    Redeclaring math symbol \ddagger on input line 29.
LaTeX Font Info:    Redeclaring math symbol \dagger on input line 29.
\c@mv@regular=\count301
LaTeX Font Info:    Encoding `OT1' has changed to `T1' for symbol font
(Font)              `operators' in the math version `regular' on input line 29.

LaTeX Font Info:    Overwriting symbol font `operators' in version `regular'
(Font)                  OT1/cmr/m/n --> T1/formata/n/n on input line 29.
LaTeX Font Info:    Overwriting symbol font `NewLetters' in version `regular'
(Font)                  T1/times/n/it --> T1/formata/n/it on input line 29.
LaTeX Font Info:    Overwriting math alphabet `\mathrm' in version `regular'
(Font)                  T1/formata/n/n --> T1/formata/n/n on input line 29.
LaTeX Font Info:    Overwriting math alphabet `\mathit' in version `regular'
(Font)                  OT1/cmr/m/it --> T1/formata/n/it on input line 29.
LaTeX Font Info:    Overwriting math alphabet `\mathbf' in version `regular'
(Font)                  OT1/cmr/bx/n --> T1/formata/m/n on input line 29.
LaTeX Font Info:    Overwriting math alphabet `\mathtt' in version `regular'
(Font)                  OT1/cmtt/m/n --> OT1/pcr/m/n on input line 29.
\c@mv@medium=\count302
LaTeX Font Info:    Encoding `OT1' has changed to `T1' for symbol font
(Font)              `operators' in the math version `medium' on input line 29.
LaTeX Font Info:    Overwriting symbol font `operators' in version `medium'
(Font)                  OT1/cmr/m/n --> T1/formata/m/n on input line 29.
LaTeX Font Info:    Overwriting symbol font `NewLetters' in version `medium'
(Font)                  T1/times/n/it --> T1/formata/m/it on input line 29.
LaTeX Font Info:    Overwriting math alphabet `\mathrm' in version `medium'
(Font)                  > T1/formata/m/n on input line 29.
LaTeX Font Info:    Overwriting math alphabet `\mathit' in version `medium'
(Font)                  OT1/cmr/m/it --> T1/formata/m/it on input line 29.
LaTeX Font Info:    Overwriting math alphabet `\mathbf' in version `medium'
(Font)                  OT1/cmr/bx/n --> T1/formata/b/n on input line 29.
LaTeX Font Info:    Overwriting math alphabet `\mathtt' in version `medium'
(Font)                  OT1/cmtt/m/n --> OT1/pcr/b/n on input line 29.
\c@mv@black=\count303
LaTeX Font Info:    Encoding `OT1' has changed to `T1' for symbol font
(Font)              `operators' in the math version `black' on input line 29.
LaTeX Font Info:    Overwriting symbol font `operators' in version `black'
(Font)                  OT1/cmr/m/n --> T1/formata/b/n on input line 29.
LaTeX Font Info:    Overwriting symbol font `NewLetters' in version `black'
(Font)                  T1/times/n/it --> T1/formata/b/it on input line 29.
LaTeX Font Info:    Overwriting math alphabet `\mathrm' in version `black'
(Font)                  > T1/formata/b/n on input line 29.
LaTeX Font Info:    Overwriting math alphabet `\mathit' in version `black'
(Font)                  OT1/cmr/m/it --> T1/formata/b/it on input line 29.
LaTeX Font Info:    Overwriting math alphabet `\mathbf' in version `black'
(Font)                  OT1/cmr/bx/n --> T1/formata/b/n on input line 29.
LaTeX Font Info:    Overwriting math alphabet `\mathtt' in version `black'
(Font)                  OT1/cmtt/m/n --> OT1/pcr/b/n on input line 29.
LaTeX Font Info:    Trying to load font information for T1+ptm on input line 29
.
(t1ptm.fd
File: t1ptm.fd 2001/06/04 font definitions for T1/ptm.
)
LaTeX Font Info:    Trying to load font information for T1+times on input line 
29.
 (t1times.fd)
Package hyperref Info: Link coloring OFF on input line 29.
 (nameref.sty
Package: nameref 2021-04-02 v2.47 Cross-referencing by name of section
 (refcount.sty
Package: refcount 2019/12/15 v3.6 Data extraction from label references (HO)
) (gettitlestring.sty
Package: gettitlestring 2019/12/15 v1.6 Cleanup title references (HO)
)
\c@section@level=\count304
)
LaTeX Info: Redefining \ref on input line 29.
LaTeX Info: Redefining \pageref on input line 29.
LaTeX Info: Redefining \nameref on input line 29.

(main.out) (main.out)
\@outlinefile=\write3
\openout3 = `main.out'.

File: bullet.png Graphic file (type bmp)
<bullet.png>


Package xcolor Warning: Incompatible color definition on input line 49.

LaTeX Font Info:    Trying to load font information for U+msa on input line 62.

(umsa.fd
File: umsa.fd 2013/01/14 v3.01 AMS symbols A
)
LaTeX Font Info:    Trying to load font information for U+msb on input line 62.

 (umsb.fd
File: umsb.fd 2013/01/14 v3.01 AMS symbols B
)
File: bullet.png Graphic file (type bmp)
<bullet.png>


Package xcolor Warning: Incompatible color definition on input line 73.


Package xcolor Warning: Incompatible color definition on input line 79.

LaTeX Font Info:    Calculating math sizes for size <9.9> on input line 79.
LaTeX Font Info:    Calculating math sizes for size <6.6> on input line 79.

Overfull \hbox (9.2679pt too wide) in paragraph at lines 79--79
[]  
 []


Overfull \hbox (9.2679pt too wide) in paragraph at lines 79--79
[]  
 []


Package xcolor Warning: Incompatible color definition on input line 80.


Underfull \vbox (badness 2277) has occurred while \output is active []



Package xcolor Warning: Incompatible color definition on input line 111.

File: logo.png Graphic file (type bmp)
<logo.png>

Overfull \hbox (505.12177pt too wide) has occurred while \output is active
[]
 []


Overfull \hbox (505.12177pt too wide) has occurred while \output is active
[]
 []


Overfull \hbox (505.12177pt too wide) has occurred while \output is active
[]
 []


Underfull \hbox (badness 10000) has occurred while \output is active
[]
 []

[1


]
Underfull \hbox (badness 3364) in paragraph at lines 115--117
[]\T1/times/n/n/10 train-only predicted-label and gold-label tran-si-tion
 []


Underfull \hbox (badness 10000) in paragraph at lines 117--119
[]\T1/times/n/n/10 equal four-configuration val-i-da-tion searches and
 []


Underfull \hbox (badness 3547) in paragraph at lines 121--123
[]\T1/times/n/n/10 provenance, future-access, and speaker-target con-
 []


Package xcolor Warning: Incompatible color definition on input line 131.


Underfull \hbox (badness 3482) in paragraph at lines 133--143
\T1/times/n/n/10 re-sen-ta-tive of three context-modeling paradigms: re-cur-
 []


Underfull \hbox (badness 1565) in paragraph at lines 133--143
\T1/times/n/n/10 rent interlocutor-state track-ing [[]7[]], re-la-tional graph 
con-
 []


Underfull \hbox (badness 2368) in paragraph at lines 133--143
\T1/times/n/n/10 vo-lu-tion [[]8[]], [[]10[]], and di-rected re-la-tional at-te
n-tion [[]9[]].
 []


Underfull \hbox (badness 3803) in paragraph at lines 144--158
[]\T1/times/b/n/10 Emotion fore-cast-ing (EFC). \T1/times/n/n/10 A par-al-lel l
ine ex-plic-
 []


Underfull \hbox (badness 2452) in paragraph at lines 144--158
\T1/times/n/n/10 EF [[]19[]] con-tributes a ded-i-cated mul-ti-modal fore-cast-
ing
 []


Underfull \hbox (badness 1546) in paragraph at lines 144--158
\T1/times/n/n/10 bench-mark. MREPC [[]23[]] pre-trains con-trastively over a
 []


Overfull \hbox (4.0029pt too wide) in paragraph at lines 167--173
[]\T1/times/b/n/10 Leakage and base-line va-lid-ity. \T1/times/n/n/10 Kapoor an
d Narayanan [[]32[]]
 []


Package xcolor Warning: Incompatible color definition on input line 174.


Package xcolor Warning: Incompatible color definition on input line 188.

File: notaglinelogo.png Graphic file (type bmp)
<notaglinelogo.png>

LaTeX Font Warning: Font shape `T1/formata/m/sl' undefined
(Font)              using `T1/formata/m/it' instead on input line 202.


Overfull \hbox (505.12177pt too wide) has occurred while \output is active
[]
 []


Overfull \hbox (505.12177pt too wide) has occurred while \output is active
[]
 []


Underfull \hbox (badness 10000) has occurred while \output is active
[]
 []

[2]

Package xcolor Warning: Incompatible color definition on input line 214.


Package xcolor Warning: Incompatible color definition on input line 226.


Underfull \hbox (badness 3343) in paragraph at lines 232--233
[]\T1/times/m/n/8 inspect win-dow bound-aries; sweep
 []


Underfull \hbox (badness 3029) in paragraph at lines 236--236
[]\T1/times/m/n/8 nominally per-turn $\T1/times/n/it/8 x[]$ \T1/times/m/n/8 was
 ex-tracted with
 []


Underfull \hbox (badness 10000) in paragraph at lines 237--239
[]\T1/times/m/n/8 utterance-local ex-trac-tion or
 []


Underfull \hbox (badness 4531) in paragraph at lines 241--241
[]\T1/times/m/n/8 test fold de-ter-mines thresh-old, epoch, or
 []


Underfull \hbox (badness 2277) in paragraph at lines 242--243
[]\T1/times/m/n/8 validation-only se-lec-tion with
 []


Underfull \hbox (badness 1430) in paragraph at lines 243--244
[]\T1/times/m/n/8 report pre-dic-tion rate and bal-anced
 []


Package xcolor Warning: Incompatible color definition on input line 251.

LaTeX Font Info:    Trying to load font information for T1+pcr on input line 26
7.
(t1pcr.fd
File: t1pcr.fd 2001/06/04 font definitions for T1/pcr.
)

LaTeX Font Warning: Font shape `T1/pcr/n/n' undefined
(Font)              using `T1/pcr/m/n' instead on input line 267.


Underfull \hbox (badness 3514) in paragraph at lines 286--290
\T1/times/n/n/10 we fit a speaker$\OMS/cmsy/m/n/10 ^^B$\T1/times/n/n/10 emotion
 tran-si-tion ma-trix $\T1/times/n/it/10 P\OT1/cmr/m/n/10 (\T1/times/n/it/10 y[
] \OMS/cmsy/m/n/10 j
 []


Underfull \hbox (badness 3219) in paragraph at lines 286--290
\T1/times/n/it/10 y[]\OML/cmm/m/it/10 ; []\OT1/cmr/m/n/10 )$ \T1/times/n/n/10 o
n the train fold only (Laplace $\OML/cmm/m/it/10 ^^K[]\OT1/cmr/m/n/10 1\OML/cmm
/m/it/10 :\OT1/cmr/m/n/10 0$\T1/times/n/n/10 ; a
 []


LaTeX Font Warning: Font shape `T1/formata/m/sl' undefined
(Font)              using `T1/formata/m/it' instead on input line 321.

File: notaglinelogo.png Graphic file (type bmp)
<notaglinelogo.png>

Overfull \hbox (505.12177pt too wide) has occurred while \output is active
[]
 []


Overfull \hbox (505.12177pt too wide) has occurred while \output is active
[]
 []


Underfull \hbox (badness 10000) has occurred while \output is active
[]
 []

[3]

Package xcolor Warning: Incompatible color definition on input line 321.


Underfull \hbox (badness 1383) in paragraph at lines 324--332
\T1/times/n/n/10 re-leased RoBERTa fea-tures (IEMO-CAP [[]2[]], MELD [[]1[]],
 []


Package xcolor Warning: Incompatible color definition on input line 347.


Package xcolor Warning: Incompatible color definition on input line 383.


Package xcolor Warning: Incompatible color definition on input line 400.

File: notaglinelogo.png Graphic file (type bmp)
<notaglinelogo.png>

LaTeX Font Warning: Font shape `T1/formata/m/sl' undefined
(Font)              using `T1/formata/m/it' instead on input line 408.


Overfull \hbox (505.12177pt too wide) has occurred while \output is active
[]
 []


Overfull \hbox (505.12177pt too wide) has occurred while \output is active
[]
 []


Underfull \hbox (badness 10000) has occurred while \output is active
[]
 []

[4]

Package xcolor Warning: Incompatible color definition on input line 422.

File: figures/speaker_relation.pdf Graphic file (type pdf)
<use figures/speaker_relation.pdf>

Package xcolor Warning: Incompatible color definition on input line 442.


Package xcolor Warning: Incompatible color definition on input line 442.


Package xcolor Warning: Incompatible color definition on input line 465.


Package xcolor Warning: Incompatible color definition on input line 502.


Package xcolor Warning: Incompatible color definition on input line 522.

Please use mathrm in math mode instead of rm.
Underfull \hbox (badness 5331) in paragraph at lines 541--553
\T1/times/n/n/10 and DAG-ERC [[]9[]], plus PEC-style [[]20[]] and pseudo-
 []


Underfull \hbox (badness 10000) in paragraph at lines 562--570
[]\T1/times/b/n/10 Scope. \T1/times/n/n/10 Four sys-tems are causal, strategy-l
evel re-
 []


LaTeX Font Warning: Font shape `T1/formata/m/sl' undefined
(Font)              using `T1/formata/m/it' instead on input line 570.

File: notaglinelogo.png Graphic file (type bmp)
<notaglinelogo.png>

Overfull \hbox (505.12177pt too wide) has occurred while \output is active
[]
 []


Overfull \hbox (505.12177pt too wide) has occurred while \output is active
[]
 []


Underfull \hbox (badness 10000) has occurred while \output is active
[]
 []

[5]

Package xcolor Warning: Incompatible color definition on input line 579.


Package xcolor Warning: Incompatible color definition on input line 600.


Underfull \hbox (badness 1769) in paragraph at lines 627--636
\T1/times/n/n/10 trans-formed in-de-pen-dently with finite-value checks. The
 []


Package xcolor Warning: Incompatible color definition on input line 642.


Underfull \hbox (badness 1496) in paragraph at lines 656--672
\T1/times/n/n/10 that sur-vive in-for-ma-tion match-ing also sur-vive pos-te-ri
or
 []

File: notaglinelogo.png Graphic file (type bmp)
<notaglinelogo.png>

LaTeX Font Warning: Font shape `T1/formata/m/sl' undefined
(Font)              using `T1/formata/m/it' instead on input line 672.


Overfull \hbox (505.12177pt too wide) has occurred while \output is active
[]
 []


Overfull \hbox (505.12177pt too wide) has occurred while \output is active
[]
 []


Underfull \hbox (badness 10000) has occurred while \output is active
[]
 []

[6]
File: figures/leakage_uniform_transformer.pdf Graphic file (type pdf)
<use figures/leakage_uniform_transformer.pdf>


Package xcolor Warning: Incompatible color definition on input line 693.


Package xcolor Warning: Incompatible color definition on input line 693.


Package xcolor Warning: Incompatible color definition on input line 697.


LaTeX Font Warning: Font shape `T1/formata/m/sl' undefined
(Font)              using `T1/formata/m/it' instead on input line 706.

File: notaglinelogo.png Graphic file (type bmp)
<notaglinelogo.png>

Overfull \hbox (505.12177pt too wide) has occurred while \output is active
[]
 []


Overfull \hbox (505.12177pt too wide) has occurred while \output is active
[]
 []


Underfull \hbox (badness 10000) has occurred while \output is active
[]
 []

[7]

Package xcolor Warning: Incompatible color definition on input line 711.


Package xcolor Warning: Incompatible color definition on input line 735.


Underfull \hbox (badness 2237) in paragraph at lines 751--753
\T1/times/n/n/10 in-de-pen-dently fit-ted local-feature con-trol pre-serves
 []

File: notaglinelogo.png Graphic file (type bmp)
<notaglinelogo.png>

LaTeX Font Warning: Font shape `T1/formata/m/sl' undefined
(Font)              using `T1/formata/m/it' instead on input line 764.


Overfull \hbox (505.12177pt too wide) has occurred while \output is active
[]
 []


Overfull \hbox (505.12177pt too wide) has occurred while \output is active
[]
 []


Underfull \hbox (badness 10000) has occurred while \output is active
[]
 []

[8]

Package xcolor Warning: Incompatible color definition on input line 771.


Package xcolor Warning: Incompatible color definition on input line 787.


Package xcolor Warning: Incompatible color definition on input line 806.


Underfull \hbox (badness 1354) in paragraph at lines 814--819
\T1/times/n/n/10 MIC pro-ducer code di-rectly sup-ports utterance-local ex-
 []


Underfull \hbox (badness 2088) in paragraph at lines 814--819
\T1/times/n/n/10 trac-tion for three cor-pora; Dai-ly-Di-a-log is sup-ported by

 []


Underfull \hbox (badness 2689) in paragraph at lines 820--825
\T1/times/n/n/10 tary run, but not sub-tler writing-style leak-age. MELD,
 []


LaTeX Font Warning: Font shape `T1/formata/m/sl' undefined
(Font)              using `T1/formata/m/it' instead on input line 851.

File: notaglinelogo.png Graphic file (type bmp)
<notaglinelogo.png>

Overfull \hbox (505.12177pt too wide) has occurred while \output is active
[]
 []


Overfull \hbox (505.12177pt too wide) has occurred while \output is active
[]
 []


Underfull \hbox (badness 10000) has occurred while \output is active
[]
 []

[9]

Package xcolor Warning: Incompatible color definition on input line 852.


Package xcolor Warning: Incompatible color definition on input line 866.


Package xcolor Warning: Incompatible color definition on input line 891.


Underfull \hbox (badness 1590) in paragraph at lines 893--903
\T1/times/n/n/10 com-po-si-tion; (3) ver-ify causal-ity di-rectly (e.g. a futur
e-
 []


Package xcolor Warning: Incompatible color definition on input line 904.


Underfull \hbox (badness 1910) in paragraph at lines 906--921
\T1/times/n/n/10 de-ploy-able com-par-isons. In-de-pen-dent lo-cal fea-tures pr
e-
 []


Underfull \hbox (badness 2809) in paragraph at lines 906--921
\T1/times/n/n/10 hori-zons and matched base-lines. The gen-eral les-son is
 []


Package xcolor Warning: Incompatible color definition on input line 922.


Package xcolor Warning: Incompatible color definition on input line 929.

File: notaglinelogo.png Graphic file (type bmp)
<notaglinelogo.png>

LaTeX Font Warning: Font shape `T1/formata/m/sl' undefined
(Font)              using `T1/formata/m/it' instead on input line 985.


Overfull \hbox (505.12177pt too wide) has occurred while \output is active
[]
 []


Overfull \hbox (505.12177pt too wide) has occurred while \output is active
[]
 []


Underfull \hbox (badness 10000) has occurred while \output is active
[]
 []

[10]

Package hyperref Warning: The anchor of a bookmark and its parent's must not
(hyperref)                be the same. Added a new anchor on input line 1072.

File: author_photos/bin_wen.png Graphic file (type bmp)
<author_photos/bin_wen.png>
File: author_photos/bin_wen.png Graphic file (type bmp)
<author_photos/bin_wen.png>

Underfull \hbox (badness 1412) in paragraph at lines 1072--1082
[]\T1/times/n/n/8 His cur-rent re-search in-ter-ests in-clude mul-ti-
 []


Underfull \hbox (badness 1648) in paragraph at lines 1072--1082
\T1/times/n/n/8 hance-ment, con-ver-sa-tional emo-tion fore-cast-ing,
 []

File: author_photos/dai_qiao_zhang.png Graphic file (type bmp)
<author_photos/dai_qiao_zhang.png>
File: author_photos/dai_qiao_zhang.png Graphic file (type bmp)
<author_photos/dai_qiao_zhang.png>
File: author_photos/tien_ping_tan.png Graphic file (type bmp)
<author_photos/tien_ping_tan.png>
File: author_photos/tien_ping_tan.png Graphic file (type bmp)
<author_photos/tien_ping_tan.png>
File: bullet.png Graphic file (type bmp)
<bullet.png>

LaTeX Font Warning: Font shape `T1/formata/m/sl' undefined
(Font)              using `T1/formata/m/it' instead on input line 1102.

File: notaglinelogo.png Graphic file (type bmp)
<notaglinelogo.png>

Overfull \hbox (505.12177pt too wide) has occurred while \output is active
[]
 []


Overfull \hbox (505.12177pt too wide) has occurred while \output is active
[]
 []


Underfull \hbox (badness 10000) has occurred while \output is active
[]
 []

[11]
File: notaglinelogo.png Graphic file (type bmp)
<notaglinelogo.png>


LaTeX Font Warning: Font shape `T1/formata/m/sl' undefined
(Font)              using `T1/formata/m/it' instead on input line 1102.


Overfull \hbox (505.12177pt too wide) has occurred while \output is active
[]
 []


Overfull \hbox (505.12177pt too wide) has occurred while \output is active
[]
 []


Underfull \hbox (badness 10000) has occurred while \output is active
[]
 []

[12

] (main.aux)

LaTeX Font Warning: Some font shapes were not available, defaults substituted.

Package rerunfilecheck Info: File `main.out' has not changed.
(rerunfilecheck)             Checksum: 3AA0CEFC4F8DE1FB6B036810C2153860;3177.
 )
Output written on main.xdv (12 pages, 114244 bytes).
